#
# There is insufficient memory for the Java Runtime Environment to continue.
# Native memory allocation (mmap) failed to map 11534336 bytes for Failed to commit area from 0x0000000082400000 to 0x0000000082f00000 of length 11534336.
# Possible reasons:
#   The system is out of physical RAM or swap space
#   The process is running with CompressedOops enabled, and the Java Heap may be blocking the growth of the native heap
# Possible solutions:
#   Reduce memory load on the system
#   Increase physical memory or swap space
#   Check if swap backing store is full
#   Decrease Java heap size (-Xmx/-Xms)
#   Decrease number of Java threads
#   Decrease Java thread stack sizes (-Xss)
#   Set larger code cache with -XX:ReservedCodeCacheSize=
#   JVM is running with Unscaled Compressed Oops mode in which the Java heap is
#     placed in the first 4GB address space. The Java Heap base address is the
#     maximum limit for the native heap growth. Please use -XX:HeapBaseMinAddress
#     to set the Java Heap base and to place the Java Heap above 4GB virtual address.
# This output file may be truncated or incomplete.
#
#  Out of Memory Error (t:/workspace/open/src/hotspot/os/windows/os_windows.cpp:3271), pid=17420, tid=33240
#
# JRE version: Java(TM) SE Runtime Environment (11.0.6+8) (build 11.0.6+8-LTS)
# Java VM: Java HotSpot(TM) 64-Bit Server VM (11.0.6+8-LTS, mixed mode, tiered, compressed oops, g1 gc, windows-amd64)
# No core dump will be written. Minidumps are not enabled by default on client versions of Windows
#

---------------  S U M M A R Y ------------

Command Line: -Dapplication.home=C:\Program Files\Java\jdk-11.0.6 --add-modules=ALL-DEFAULT -Xms8m -Djdk.module.main=jdk.compiler jdk.compiler/com.sun.tools.javac.Main -d C:\Users\PC\Documents\NetBeansProjects\FXMLApp\build\classes -classpath C:\Users\PC\Documents\NetBeansProjects\FXMLApp\build\classes;C:\Users\PC\Downloads\openjfx-11.0.2_windows-x64_bin-sdk\javafx-sdk-11.0.2\lib;C:\Users\PC\Downloads\openjfx-11.0.2_windows-x64_bin-sdk\javafx-sdk-11.0.2\lib\javafx.base.jar;C:\Users\PC\Downloads\openjfx-11.0.2_windows-x64_bin-sdk\javafx-sdk-11.0.2\lib\javafx.controls.jar;C:\Users\PC\Downloads\openjfx-11.0.2_windows-x64_bin-sdk\javafx-sdk-11.0.2\lib\javafx.fxml.jar;C:\Users\PC\Downloads\openjfx-11.0.2_windows-x64_bin-sdk\javafx-sdk-11.0.2\lib\javafx.graphics.jar;C:\Program Files\NetBeans-11.1\netbeans\ide\modules\ext\postgresql-42.2.5.jar -sourcepath C:\Users\PC\Documents\NetBeansProjects\FXMLApp\src -target 11 -encoding UTF-8 -g -processorpath C:\Users\PC\Downloads\openjfx-11.0.2_windows-x64_bin-sdk\javafx-sdk-11.0.2\lib;C:\Users\PC\Downloads\openjfx-11.0.2_windows-x64_bin-sdk\javafx-sdk-11.0.2\lib\javafx.base.jar;C:\Users\PC\Downloads\openjfx-11.0.2_windows-x64_bin-sdk\javafx-sdk-11.0.2\lib\javafx.controls.jar;C:\Users\PC\Downloads\openjfx-11.0.2_windows-x64_bin-sdk\javafx-sdk-11.0.2\lib\javafx.fxml.jar;C:\Users\PC\Downloads\openjfx-11.0.2_windows-x64_bin-sdk\javafx-sdk-11.0.2\lib\javafx.graphics.jar;C:\Program Files\NetBeans-11.1\netbeans\ide\modules\ext\postgresql-42.2.5.jar;C:\Users\PC\Documents\NetBeansProjects\FXMLApp\build\empty -s C:\Users\PC\Documents\NetBeansProjects\FXMLApp\build\generated-sources\ap-source-output -source 11 --module-path C:\Users\PC\Downloads\openjfx-11.0.2_windows-x64_bin-sdk\javafx-sdk-11.0.2\lib\javafx.base.jar;C:\Users\PC\Downloads\openjfx-11.0.2_windows-x64_bin-sdk\javafx-sdk-11.0.2\lib\javafx.controls.jar;C:\Users\PC\Downloads\openjfx-11.0.2_windows-x64_bin-sdk\javafx-sdk-11.0.2\lib\javafx.fxml.jar;C:\Users\PC\Downloads\openjfx-11.0.2_windows-x64_bin-sdk\javafx-sdk-11.0.2\lib\javafx.graphics.jar C:\Users\PC\Documents\NetBeansProjects\FXMLApp\src\fxmlapp\FXMLApp.java

Host: Intel(R) Core(TM) i5-8250U CPU @ 1.60GHz, 8 cores, 7G,  Windows 10 , 64 bit Build 18362 (10.0.18362.329)
Time: Tue Apr 14 09:54:55 2020 C????I?E - C?E???E C????? elapsed time: 1 seconds (0d 0h 0m 1s)

---------------  T H R E A D  ---------------

Current thread (0x000001a711941800):  VMThread "VM Thread" [stack: 0x000000408b100000,0x000000408b200000] [id=33240]

Stack: [0x000000408b100000,0x000000408b200000]
[error occurred during error reporting (printing stack bounds), id 0xc0000005, EXCEPTION_ACCESS_VIOLATION (0xc0000005) at pc=0x000001a700000bad]

Native frames: (J=compiled Java code, j=interpreted, Vv=VM code, C=native code)
V  [jvm.dll+0x63679a]
V  [jvm.dll+0x7755bf]
V  [jvm.dll+0x776c65]
V  [jvm.dll+0x777235]
V  [jvm.dll+0x7771eb]
V  [jvm.dll+0x635e96]
V  [jvm.dll+0x636268]
C  [ntdll.dll+0xa121f]
C  [ntdll.dll+0x6a289]
C  [ntdll.dll+0x9fe8e]
C  0x000001a700000bad

VM_Operation (0x000000408abfcc90): G1CollectForAllocation, mode: safepoint, requested by thread 0x000001a7723cf000


---------------  P R O C E S S  ---------------

Threads class SMR info:
_java_thread_list=0x000001a7120e14d0, length=12, elements={
0x000001a7723cf000, 0x000001a711966000, 0x000001a711972000, 0x000001a7119c2000,
0x000001a7119c3000, 0x000001a7119c5000, 0x000001a7119cd800, 0x000001a7119d3800,
0x000001a711ace000, 0x000001a711ceb800, 0x000001a7120b6800, 0x000001a7120b6000
}

Java Threads: ( => current thread )
  0x000001a7723cf000 JavaThread "main" [_thread_blocked, id=568, stack(0x000000408ab00000,0x000000408ac00000)]
  0x000001a711966000 JavaThread "Reference Handler" daemon [_thread_blocked, id=14880, stack(0x000000408b200000,0x000000408b300000)]
  0x000001a711972000 JavaThread "Finalizer" daemon [_thread_blocked, id=14024, stack(0x000000408b300000,0x000000408b400000)]
  0x000001a7119c2000 JavaThread "Signal Dispatcher" daemon [_thread_blocked, id=22664, stack(0x000000408b400000,0x000000408b500000)]
  0x000001a7119c3000 JavaThread "Attach Listener" daemon [_thread_blocked, id=30184, stack(0x000000408b500000,0x000000408b600000)]
  0x000001a7119c5000 JavaThread "C2 CompilerThread0" daemon [_thread_blocked, id=11940, stack(0x000000408b600000,0x000000408b700000)]
  0x000001a7119cd800 JavaThread "C1 CompilerThread0" daemon [_thread_blocked, id=27656, stack(0x000000408b700000,0x000000408b800000)]
  0x000001a7119d3800 JavaThread "Sweeper thread" daemon [_thread_blocked, id=18992, stack(0x000000408b800000,0x000000408b900000)]
  0x000001a711ace000 JavaThread "Common-Cleaner" daemon [_thread_blocked, id=32220, stack(0x000000408b900000,0x000000408ba00000)]
  0x000001a711ceb800 JavaThread "Service Thread" daemon [_thread_blocked, id=22232, stack(0x000000408bb00000,0x000000408bc00000)]
  0x000001a7120b6800 JavaThread "C2 CompilerThread1" daemon [_thread_blocked, id=7256, stack(0x000000408ba00000,0x000000408bb00000)]
  0x000001a7120b6000 JavaThread "C2 CompilerThread2" daemon [_thread_blocked, id=19352, stack(0x000000408be00000,0x000000408bf00000)]

Other Threads:
=>0x000001a711941800 VMThread "VM Thread" [stack: 0x000000408b100000,0x000000408b200000] [id=33240]
  0x000001a711c8d800 WatcherThread [stack: 0x000000408bc00000,0x000000408bd00000] [id=30776]
  0x000001a7723e5000 GCTaskThread "GC Thread#0" [stack: 0x000000408ac00000,0x000000408ad00000] [id=32044]
  0x000001a711d55000 GCTaskThread "GC Thread#1" [stack: 0x000000408bd00000,0x000000408be00000] [id=21988]
  0x000001a772417000 ConcurrentGCThread "G1 Main Marker" [stack: 0x000000408ad00000,0x000000408ae00000] [id=31148]
  0x000001a772418800 ConcurrentGCThread "G1 Conc#0" [stack: 0x000000408ae00000,0x000000408af00000] [id=20460]
  0x000001a712479000 ConcurrentGCThread "G1 Conc#1" [stack: 0x000000408bf00000,0x000000408c000000] [id=20908]
  0x000001a772448000 ConcurrentGCThread "G1 Refine#0" [stack: 0x000000408af00000,0x000000408b000000] [id=30036]
  0x000001a77244a000 ConcurrentGCThread "G1 Young RemSet Sampling" [stack: 0x000000408b000000,0x000000408b100000] [id=35028]

Threads with active compile tasks:
C2 CompilerThread01407       4       java.util.regex.Matcher::match (154 bytes)
C1 CompilerThread01418       1       com.sun.tools.javac.util.List::setTail (7 bytes)
C2 CompilerThread11408       4       java.util.regex.Pattern::append (39 bytes)
C2 CompilerThread21273   !   4       com.sun.tools.javac.jvm.ClassReader::classSigToType (498 bytes)

VM state:at safepoint (normal execution)

VM Mutex/Monitor currently owned by a thread:  ([mutex/lock_event])
[0x000001a7723cd8f0] Threads_lock - owner thread: 0x000001a711941800
[0x000001a7723cd740] Heap_lock - owner thread: 0x000001a7723cf000

Heap address: 0x0000000081400000, size: 2028 MB, Compressed Oops mode: 32-bit
Narrow klass base: 0x0000000000000000, Narrow klass shift: 3
Compressed class space size: 1073741824 Address: 0x0000000100000000

Heap:
 garbage-first heap   total 27648K, used 8309K [0x0000000081400000, 0x0000000100000000)
  region size 1024K, 1 young (1024K), 1 survivors (1024K)
 Metaspace       used 15829K, capacity 16258K, committed 16512K, reserved 1064960K
  class space    used 1666K, capacity 1805K, committed 1920K, reserved 1048576K
Heap Regions: E=young(eden), S=young(survivor), O=old, HS=humongous(starts), HC=humongous(continues), CS=collection set, F=free, A=archive, TAMS=top-at-mark-start (previous, next)
|   0|0x0000000081400000, 0x0000000081500000, 0x0000000081500000|100%| O|  |TAMS 0x0000000081500000, 0x0000000081400000| Untracked 
|   1|0x0000000081500000, 0x0000000081600000, 0x0000000081600000|100%| O|  |TAMS 0x0000000081600000, 0x0000000081500000| Untracked 
|   2|0x0000000081600000, 0x0000000081700000, 0x0000000081700000|100%| O|  |TAMS 0x0000000081700000, 0x0000000081600000| Untracked 
|   3|0x0000000081700000, 0x0000000081800000, 0x0000000081800000|100%| O|  |TAMS 0x0000000081700000, 0x0000000081700000| Untracked 
|   4|0x0000000081800000, 0x0000000081870e00, 0x0000000081900000| 44%| O|  |TAMS 0x0000000081800000, 0x0000000081800000| Untracked 
|   5|0x0000000081900000, 0x0000000081a00000, 0x0000000081a00000|100%| O|  |TAMS 0x0000000081a00000, 0x0000000081900000| Untracked 
|   6|0x0000000081a00000, 0x0000000081b00000, 0x0000000081b00000|100%| O|  |TAMS 0x0000000081aa7a00, 0x0000000081a00000| Untracked 
|   7|0x0000000081b00000, 0x0000000081c00000, 0x0000000081c00000|100%| O|  |TAMS 0x0000000081b00000, 0x0000000081b00000| Untracked 
|   8|0x0000000081c00000, 0x0000000081c00000, 0x0000000081d00000|  0%| F|  |TAMS 0x0000000081c00000, 0x0000000081c00000| Untracked 
|   9|0x0000000081d00000, 0x0000000081d00000, 0x0000000081e00000|  0%| F|  |TAMS 0x0000000081d00000, 0x0000000081d00000| Untracked 
|  10|0x0000000081e00000, 0x0000000081e00000, 0x0000000081f00000|  0%| F|  |TAMS 0x0000000081e00000, 0x0000000081e00000| Untracked 
|  11|0x0000000081f00000, 0x0000000081f00000, 0x0000000082000000|  0%| F|  |TAMS 0x0000000081f00000, 0x0000000081f00000| Untracked 
|  12|0x0000000082000000, 0x0000000082000000, 0x0000000082100000|  0%| F|  |TAMS 0x0000000082000000, 0x0000000082000000| Untracked 
|  13|0x0000000082100000, 0x00000000821ac7b0, 0x0000000082200000| 67%| S|CS|TAMS 0x0000000082100000, 0x0000000082100000| Complete 
|  14|0x0000000082200000, 0x0000000082200000, 0x0000000082300000|  0%| F|  |TAMS 0x0000000082200000, 0x0000000082200000| Untracked 
|  15|0x0000000082300000, 0x0000000082300000, 0x0000000082400000|  0%| F|  |TAMS 0x0000000082300000, 0x0000000082300000| Untracked 

Card table byte_map: [0x000001a77ae80000,0x000001a77b280000] _byte_map_base: 0x000001a77aa76000

Marking Bits (Prev, Next): (CMBitMap*) 0x000001a77240d4e8, (CMBitMap*) 0x000001a77240d520
 Prev Bits: [0x000001a77b680000, 0x000001a77d630000)
 Next Bits: [0x000001a77d630000, 0x000001a77f5e0000)

Polling page: 0x000001a770280000

Metaspace:

Usage:
  Non-class:     14.11 MB capacity,    13.83 MB ( 98%) used,   258.38 KB (  2%) free+waste,    31.44 KB ( <1%) overhead. 
      Class:      1.76 MB capacity,     1.63 MB ( 92%) used,   123.81 KB (  7%) free+waste,    14.50 KB ( <1%) overhead. 
       Both:     15.88 MB capacity,    15.46 MB ( 97%) used,   382.19 KB (  2%) free+waste,    45.94 KB ( <1%) overhead. 

Virtual space:
  Non-class space:       16.00 MB reserved,      14.25 MB ( 89%) committed 
      Class space:        1.00 GB reserved,       1.88 MB ( <1%) committed 
             Both:        1.02 GB reserved,      16.13 MB (  2%) committed 

Chunk freelists:
   Non-Class:  1.38 KB
       Class:  0 bytes
        Both:  1.38 KB

CodeHeap 'non-profiled nmethods': size=120000Kb used=479Kb max_used=479Kb free=119520Kb
 bounds [0x000001a707ad0000, 0x000001a707d40000, 0x000001a70f000000]
CodeHeap 'profiled nmethods': size=120000Kb used=2605Kb max_used=2605Kb free=117394Kb
 bounds [0x000001a7005a0000, 0x000001a700830000, 0x000001a707ad0000]
CodeHeap 'non-nmethods': size=5760Kb used=1101Kb max_used=1121Kb free=4658Kb
 bounds [0x000001a700000000, 0x000001a700270000, 0x000001a7005a0000]
 total_blobs=2206 nmethods=1410 adapters=316
 compilation: enabled
              stopped_count=0, restarted_count=0
 full_count=0

Compilation events (10 events):
Event: 1.080 Thread 0x000001a7119cd800 nmethod 1413 0x000001a700829e10 code [0x000001a70082a000, 0x000001a70082a500]
Event: 1.080 Thread 0x000001a7119cd800 1414       3       java.lang.Long::numberOfTrailingZeros (116 bytes)
Event: 1.080 Thread 0x000001a7119cd800 nmethod 1414 0x000001a70082a690 code [0x000001a70082a840, 0x000001a70082ab58]
Event: 1.082 Thread 0x000001a7119cd800 1415       3       com.sun.tools.javac.code.Type$ClassType::accept (9 bytes)
Event: 1.082 Thread 0x000001a7119cd800 nmethod 1415 0x000001a70082ac10 code [0x000001a70082ade0, 0x000001a70082b010]
Event: 1.085 Thread 0x000001a7120b6800 nmethod 1344 0x000001a707b46b10 code [0x000001a707b46d20, 0x000001a707b475f0]
Event: 1.086 Thread 0x000001a7120b6800 1408       4       java.util.regex.Pattern::append (39 bytes)
Event: 1.086 Thread 0x000001a7119cd800 1416       3       com.sun.tools.javac.jvm.ClassReader::adjustClassFlags (28 bytes)
Event: 1.086 Thread 0x000001a7119cd800 nmethod 1416 0x000001a70082b110 code [0x000001a70082b2c0, 0x000001a70082b498]
Event: 1.086 Thread 0x000001a7119cd800 1418       1       com.sun.tools.javac.util.List::setTail (7 bytes)

GC Heap History (10 events):
Event: 0.932 GC heap after
{Heap after GC invocations=14 (full 0):
 garbage-first heap   total 13312K, used 7291K [0x0000000081400000, 0x0000000100000000)
  region size 1024K, 1 young (1024K), 1 survivors (1024K)
 Metaspace       used 15011K, capacity 15312K, committed 15616K, reserved 1062912K
  class space    used 1581K, capacity 1705K, committed 1792K, reserved 1048576K
}
Event: 0.936 GC heap before
{Heap before GC invocations=14 (full 0):
 garbage-first heap   total 13312K, used 8315K [0x0000000081400000, 0x0000000100000000)
  region size 1024K, 2 young (2048K), 1 survivors (1024K)
 Metaspace       used 15021K, capacity 15312K, committed 15616K, reserved 1062912K
  class space    used 1581K, capacity 1705K, committed 1792K, reserved 1048576K
}
Event: 0.939 GC heap after
{Heap after GC invocations=15 (full 0):
 garbage-first heap   total 16384K, used 6495K [0x0000000081400000, 0x0000000100000000)
  region size 1024K, 1 young (1024K), 1 survivors (1024K)
 Metaspace       used 15021K, capacity 15312K, committed 15616K, reserved 1062912K
  class space    used 1581K, capacity 1705K, committed 1792K, reserved 1048576K
}
Event: 1.002 GC heap before
{Heap before GC invocations=15 (full 0):
 garbage-first heap   total 16384K, used 9567K [0x0000000081400000, 0x0000000100000000)
  region size 1024K, 4 young (4096K), 1 survivors (1024K)
 Metaspace       used 15361K, capacity 15686K, committed 15872K, reserved 1062912K
  class space    used 1610K, capacity 1743K, committed 1792K, reserved 1048576K
}
Event: 1.005 GC heap after
{Heap after GC invocations=16 (full 0):
 garbage-first heap   total 16384K, used 7186K [0x0000000081400000, 0x0000000100000000)
  region size 1024K, 1 young (1024K), 1 survivors (1024K)
 Metaspace       used 15361K, capacity 15686K, committed 15872K, reserved 1062912K
  class space    used 1610K, capacity 1743K, committed 1792K, reserved 1048576K
}
Event: 1.047 GC heap before
{Heap before GC invocations=16 (full 0):
 garbage-first heap   total 16384K, used 9234K [0x0000000081400000, 0x0000000100000000)
  region size 1024K, 3 young (3072K), 1 survivors (1024K)
 Metaspace       used 15672K, capacity 16035K, committed 16256K, reserved 1062912K
  class space    used 1641K, capacity 1795K, committed 1920K, reserved 1048576K
}
Event: 1.050 GC heap after
{Heap after GC invocations=17 (full 0):
 garbage-first heap   total 16384K, used 7714K [0x0000000081400000, 0x0000000100000000)
  region size 1024K, 1 young (1024K), 1 survivors (1024K)
 Metaspace       used 15672K, capacity 16035K, committed 16256K, reserved 1062912K
  class space    used 1641K, capacity 1795K, committed 1920K, reserved 1048576K
}
Event: 1.073 GC heap before
{Heap before GC invocations=17 (full 0):
 garbage-first heap   total 16384K, used 9762K [0x0000000081400000, 0x0000000100000000)
  region size 1024K, 3 young (3072K), 1 survivors (1024K)
 Metaspace       used 15808K, capacity 16194K, committed 16512K, reserved 1064960K
  class space    used 1663K, capacity 1805K, committed 1920K, reserved 1048576K
}
Event: 1.076 GC heap after
{Heap after GC invocations=18 (full 0):
 garbage-first heap   total 16384K, used 7983K [0x0000000081400000, 0x0000000100000000)
  region size 1024K, 1 young (1024K), 1 survivors (1024K)
 Metaspace       used 15808K, capacity 16194K, committed 16512K, reserved 1064960K
  class space    used 1663K, capacity 1805K, committed 1920K, reserved 1048576K
}
Event: 1.086 GC heap before
{Heap before GC invocations=18 (full 0):
 garbage-first heap   total 16384K, used 9007K [0x0000000081400000, 0x0000000100000000)
  region size 1024K, 3 young (3072K), 1 survivors (1024K)
 Metaspace       used 15829K, capacity 16258K, committed 16512K, reserved 1064960K
  class space    used 1666K, capacity 1805K, committed 1920K, reserved 1048576K
}

Deoptimization events (10 events):
Event: 0.797 Thread 0x000001a7723cf000 Uncommon trap: reason=bimorphic_or_optimized_type_check action=maybe_recompile pc=0x000001a707b05af4 method=java.util.HashMap.getNode(ILjava/lang/Object;)Ljava/util/HashMap$Node; @ 126 c2
Event: 0.891 Thread 0x000001a7723cf000 Uncommon trap: reason=unstable_if action=reinterpret pc=0x000001a707b20cbc method=com.sun.tools.javac.util.Name$Table.equals([BI[BII)Z @ 22 c2
Event: 0.942 Thread 0x000001a7723cf000 Uncommon trap: reason=profile_predicate action=maybe_recompile pc=0x000001a707b2b288 method=java.lang.StringLatin1.indexOf([BI[BII)I @ 18 c2
Event: 0.942 Thread 0x000001a7723cf000 Uncommon trap: reason=profile_predicate action=maybe_recompile pc=0x000001a707b2b288 method=java.lang.StringLatin1.indexOf([BI[BII)I @ 18 c2
Event: 0.942 Thread 0x000001a7723cf000 Uncommon trap: reason=profile_predicate action=maybe_recompile pc=0x000001a707b2b288 method=java.lang.StringLatin1.indexOf([BI[BII)I @ 18 c2
Event: 0.942 Thread 0x000001a7723cf000 Uncommon trap: reason=profile_predicate action=maybe_recompile pc=0x000001a707b2b288 method=java.lang.StringLatin1.indexOf([BI[BII)I @ 18 c2
Event: 1.007 Thread 0x000001a7723cf000 Uncommon trap: reason=profile_predicate action=maybe_recompile pc=0x000001a707b39e90 method=jdk.nio.zipfs.ZipPath.getResolved()[B @ 8 c2
Event: 1.008 Thread 0x000001a7723cf000 Uncommon trap: reason=profile_predicate action=maybe_recompile pc=0x000001a707b39e90 method=jdk.nio.zipfs.ZipPath.getResolved()[B @ 8 c2
Event: 1.008 Thread 0x000001a7723cf000 Uncommon trap: reason=profile_predicate action=maybe_recompile pc=0x000001a707b39e90 method=jdk.nio.zipfs.ZipPath.getResolved()[B @ 8 c2
Event: 1.008 Thread 0x000001a7723cf000 Uncommon trap: reason=profile_predicate action=maybe_recompile pc=0x000001a707b39e90 method=jdk.nio.zipfs.ZipPath.getResolved()[B @ 8 c2

Classes redefined (0 events):
No events

Internal exceptions (10 events):
Event: 1.007 Thread 0x000001a7723cf000 Exception <a 'sun/nio/fs/WindowsException'{0x0000000082319268}> (0x0000000082319268) thrown at [t:/workspace/open/src/hotspot/share/prims/jni.cpp, line 615]
Event: 1.007 Thread 0x000001a7723cf000 Exception <a 'sun/nio/fs/WindowsException'{0x00000000823195c0}> (0x00000000823195c0) thrown at [t:/workspace/open/src/hotspot/share/prims/jni.cpp, line 615]
Event: 1.009 Thread 0x000001a7723cf000 Exception <a 'sun/nio/fs/WindowsException'{0x0000000082337938}> (0x0000000082337938) thrown at [t:/workspace/open/src/hotspot/share/prims/jni.cpp, line 615]
Event: 1.009 Thread 0x000001a7723cf000 Exception <a 'sun/nio/fs/WindowsException'{0x0000000082337be8}> (0x0000000082337be8) thrown at [t:/workspace/open/src/hotspot/share/prims/jni.cpp, line 615]
Event: 1.031 Thread 0x000001a7723cf000 Exception <a 'sun/nio/fs/WindowsException'{0x00000000822290a8}> (0x00000000822290a8) thrown at [t:/workspace/open/src/hotspot/share/prims/jni.cpp, line 615]
Event: 1.031 Thread 0x000001a7723cf000 Exception <a 'sun/nio/fs/WindowsException'{0x0000000082229398}> (0x0000000082229398) thrown at [t:/workspace/open/src/hotspot/share/prims/jni.cpp, line 615]
Event: 1.031 Thread 0x000001a7723cf000 Exception <a 'sun/nio/fs/WindowsException'{0x000000008222a2f8}> (0x000000008222a2f8) thrown at [t:/workspace/open/src/hotspot/share/prims/jni.cpp, line 615]
Event: 1.031 Thread 0x000001a7723cf000 Exception <a 'sun/nio/fs/WindowsException'{0x000000008222a650}> (0x000000008222a650) thrown at [t:/workspace/open/src/hotspot/share/prims/jni.cpp, line 615]
Event: 1.032 Thread 0x000001a7723cf000 Exception <a 'sun/nio/fs/WindowsException'{0x000000008222fbe0}> (0x000000008222fbe0) thrown at [t:/workspace/open/src/hotspot/share/prims/jni.cpp, line 615]
Event: 1.032 Thread 0x000001a7723cf000 Exception <a 'sun/nio/fs/WindowsException'{0x000000008222fe90}> (0x000000008222fe90) thrown at [t:/workspace/open/src/hotspot/share/prims/jni.cpp, line 615]

Events (10 events):
Event: 1.064 loading class com/sun/tools/javac/comp/DeferredAttr done
Event: 1.065 loading class com/sun/tools/javac/tree/JCTree
Event: 1.065 loading class com/sun/tools/javac/tree/JCTree done
Event: 1.065 loading class com/sun/tools/javac/util/JCDiagnostic
Event: 1.065 loading class com/sun/tools/javac/util/JCDiagnostic done
Event: 1.065 loading class com/sun/tools/javac/tree/JCTree
Event: 1.065 loading class com/sun/tools/javac/tree/JCTree done
Event: 1.073 Executing VM operation: G1CollectForAllocation
Event: 1.076 Executing VM operation: G1CollectForAllocation done
Event: 1.086 Executing VM operation: G1CollectForAllocation


Dynamic libraries:
0x00007ff78a200000 - 0x00007ff78a208000 	C:\Program Files\Java\jdk-11.0.6\bin\javac.exe
0x00007ffb35100000 - 0x00007ffb352f0000 	C:\Windows\SYSTEM32\ntdll.dll
0x00007ffb34410000 - 0x00007ffb344c2000 	C:\Windows\System32\KERNEL32.DLL
0x00007ffb32d60000 - 0x00007ffb33003000 	C:\Windows\System32\KERNELBASE.dll
0x00007ffb324c0000 - 0x00007ffb325ba000 	C:\Windows\System32\ucrtbase.dll
0x00007ffb26bf0000 - 0x00007ffb26c06000 	C:\Program Files\Java\jdk-11.0.6\bin\VCRUNTIME140.dll
0x00007ffb15bb0000 - 0x00007ffb15bef000 	C:\Program Files\Java\jdk-11.0.6\bin\jli.dll
0x00007ffb344d0000 - 0x00007ffb34573000 	C:\Windows\System32\ADVAPI32.dll
0x00007ffb34f90000 - 0x00007ffb3502e000 	C:\Windows\System32\msvcrt.dll
0x00007ffb34160000 - 0x00007ffb341f7000 	C:\Windows\System32\sechost.dll
0x00007ffb34040000 - 0x00007ffb34160000 	C:\Windows\System32\RPCRT4.dll
0x00007ffb34de0000 - 0x00007ffb34f74000 	C:\Windows\System32\USER32.dll
0x00007ffb32490000 - 0x00007ffb324b1000 	C:\Windows\System32\win32u.dll
0x00007ffb1b280000 - 0x00007ffb1b505000 	C:\Windows\WinSxS\amd64_microsoft.windows.common-controls_6595b64144ccf1df_6.0.18362.720_none_e6beb5c51314836b\COMCTL32.dll
0x00007ffb34650000 - 0x00007ffb34676000 	C:\Windows\System32\GDI32.dll
0x00007ffb33490000 - 0x00007ffb337c6000 	C:\Windows\System32\combase.dll
0x00007ffb33010000 - 0x00007ffb331a4000 	C:\Windows\System32\gdi32full.dll
0x00007ffb321c0000 - 0x00007ffb3225e000 	C:\Windows\System32\msvcp_win.dll
0x00007ffb322c0000 - 0x00007ffb32340000 	C:\Windows\System32\bcryptPrimitives.dll
0x00007ffb2c0d0000 - 0x00007ffb2c0da000 	C:\Windows\SYSTEM32\VERSION.dll
0x00007ffb35030000 - 0x00007ffb3505e000 	C:\Windows\System32\IMM32.DLL
0x00007ffb04240000 - 0x00007ffb042ea000 	C:\Program Files\Java\jdk-11.0.6\bin\msvcp140.dll
0x00007ffaf20e0000 - 0x00007ffaf2c09000 	C:\Program Files\Java\jdk-11.0.6\bin\server\jvm.dll
0x00007ffb34f80000 - 0x00007ffb34f88000 	C:\Windows\System32\PSAPI.DLL
0x00007ffb1c460000 - 0x00007ffb1c469000 	C:\Windows\SYSTEM32\WSOCK32.dll
0x00007ffb2f520000 - 0x00007ffb2f544000 	C:\Windows\SYSTEM32\WINMM.dll
0x00007ffb34d70000 - 0x00007ffb34ddf000 	C:\Windows\System32\WS2_32.dll
0x00007ffb2eb60000 - 0x00007ffb2eb8d000 	C:\Windows\SYSTEM32\winmmbase.dll
0x00007ffb320c0000 - 0x00007ffb3210a000 	C:\Windows\System32\cfgmgr32.dll
0x00007ffb32020000 - 0x00007ffb32031000 	C:\Windows\System32\kernel.appcore.dll
0x00007ffb269c0000 - 0x00007ffb269d1000 	C:\Program Files\Java\jdk-11.0.6\bin\verify.dll
0x00007ffb30900000 - 0x00007ffb30af4000 	C:\Windows\SYSTEM32\DBGHELP.DLL
0x00007ffb1ff10000 - 0x00007ffb1ff3a000 	C:\Windows\SYSTEM32\dbgcore.DLL
0x00007ffb1e1b0000 - 0x00007ffb1e1d9000 	C:\Program Files\Java\jdk-11.0.6\bin\java.dll
0x00007ffb26890000 - 0x00007ffb268a6000 	C:\Program Files\Java\jdk-11.0.6\bin\zip.dll
0x00007ffb2c330000 - 0x00007ffb2c33a000 	C:\Program Files\Java\jdk-11.0.6\bin\jimage.dll
0x00007ffb34680000 - 0x00007ffb34d65000 	C:\Windows\System32\SHELL32.dll
0x00007ffb33ec0000 - 0x00007ffb33f69000 	C:\Windows\System32\shcore.dll
0x00007ffb325e0000 - 0x00007ffb32d60000 	C:\Windows\System32\windows.storage.dll
0x00007ffb32060000 - 0x00007ffb32083000 	C:\Windows\System32\profapi.dll
0x00007ffb31fd0000 - 0x00007ffb3201a000 	C:\Windows\System32\powrprof.dll
0x00007ffb31fc0000 - 0x00007ffb31fd0000 	C:\Windows\System32\UMPDC.dll
0x00007ffb33e60000 - 0x00007ffb33eb2000 	C:\Windows\System32\shlwapi.dll
0x00007ffb325c0000 - 0x00007ffb325d7000 	C:\Windows\System32\cryptsp.dll
0x00007ffb2c7f0000 - 0x00007ffb2c809000 	C:\Program Files\Java\jdk-11.0.6\bin\net.dll
0x00007ffb27200000 - 0x00007ffb272f1000 	C:\Windows\SYSTEM32\WINHTTP.dll
0x00007ffb31830000 - 0x00007ffb31897000 	C:\Windows\system32\mswsock.dll
0x00007ffb2b500000 - 0x00007ffb2b513000 	C:\Program Files\Java\jdk-11.0.6\bin\nio.dll

dbghelp: loaded successfully - version: 4.0.5 - missing functions: none
symbol engine: initialized successfully - sym options: 0x614 - pdb path: .;C:\Program Files\Java\jdk-11.0.6\bin;C:\Windows\SYSTEM32;C:\Windows\WinSxS\amd64_microsoft.windows.common-controls_6595b64144ccf1df_6.0.18362.720_none_e6beb5c51314836b;C:\Program Files\Java\jdk-11.0.6\bin\server

VM Arguments:
jvm_args: -Dapplication.home=C:\Program Files\Java\jdk-11.0.6 --add-modules=ALL-DEFAULT -Xms8m -Djdk.module.main=jdk.compiler 
java_command: jdk.compiler/com.sun.tools.javac.Main -d C:\Users\PC\Documents\NetBeansProjects\FXMLApp\build\classes -classpath C:\Users\PC\Documents\NetBeansProjects\FXMLApp\build\classes;C:\Users\PC\Downloads\openjfx-11.0.2_windows-x64_bin-sdk\javafx-sdk-11.0.2\lib;C:\Users\PC\Downloads\openjfx-11.0.2_windows-x64_bin-sdk\javafx-sdk-11.0.2\lib\javafx.base.jar;C:\Users\PC\Downloads\openjfx-11.0.2_windows-x64_bin-sdk\javafx-sdk-11.0.2\lib\javafx.controls.jar;C:\Users\PC\Downloads\openjfx-11.0.2_windows-x64_bin-sdk\javafx-sdk-11.0.2\lib\javafx.fxml.jar;C:\Users\PC\Downloads\openjfx-11.0.2_windows-x64_bin-sdk\javafx-sdk-11.0.2\lib\javafx.graphics.jar;C:\Program Files\NetBeans-11.1\netbeans\ide\modules\ext\postgresql-42.2.5.jar -sourcepath C:\Users\PC\Documents\NetBeansProjects\FXMLApp\src -target 11 -encoding UTF-8 -g -processorpath C:\Users\PC\Downloads\openjfx-11.0.2_windows-x64_bin-sdk\javafx-sdk-11.0.2\lib;C:\Users\PC\Downloads\openjfx-11.0.2_windows-x64_bin-sdk\javafx-sdk-11.0.2\lib\javafx.base.jar;C:\Users\PC\Downloads\openjfx-11.0.2_windows-x64_bin-sdk\javafx-sdk-11.0.2\lib\javafx.controls.jar;C:\Users\PC\Downloads\openjfx-11.0.2_windows-x64_bin-sdk\javafx-sdk-11.0.2\lib\javafx.fxml.jar;C:\Users\PC\Downloads\openjfx-11.0.2_windows-x64_bin-sdk\javafx-sdk-11.0.2\lib\javafx.graphics.jar;C:\Program Files\NetBeans-11.1\netbeans\ide\modules\ext\postgresql-42.2.5.jar;C:\Users\PC\Documents\NetBeansProjects\FXMLApp\build\empty -s C:\Users\PC\Documents\NetBeansProjects\FXMLApp\build\generated-sources\ap-source-output -source 11 --module-path C:\Users\PC\Downloads\openjfx-11.0.2_windows-x64_bin-sdk\javafx-sdk-11.0.2\lib\javafx.base.jar;C:\Users\PC\Downloads\openjfx-11.0.2_windows-x64_bin-sdk\javafx-sdk-11.0.2\lib\javafx.controls.jar;C:\Users\PC\Downloads\openjfx-11.0.2_windows-x64_bin-sdk\javafx-sdk-11.0.2\lib\javafx.fxml.jar;C:\Users\PC\Downloads\openjfx-11.0.2_windows-x64_bin-sdk\javafx-sdk-11.0.2\lib\javafx.graphics.jar C:\Users\PC\Documents\NetBeansProjects\FXMLApp\sr
java_class_path (initial): <not set>
Launcher Type: SUN_STANDARD

[Global flags]
     intx CICompilerCount                          = 4                                         {product} {ergonomic}
     uint ConcGCThreads                            = 2                                         {product} {ergonomic}
     uint G1ConcRefinementThreads                  = 8                                         {product} {ergonomic}
   size_t G1HeapRegionSize                         = 1048576                                   {product} {ergonomic}
    uintx GCDrainStackTargetSize                   = 64                                        {product} {ergonomic}
   size_t InitialHeapSize                          = 8388608                                   {product} {command line}
   size_t MarkStackSize                            = 4194304                                   {product} {ergonomic}
   size_t MaxHeapSize                              = 2126512128                                {product} {ergonomic}
   size_t MaxNewSize                               = 1275068416                                {product} {ergonomic}
   size_t MinHeapDeltaBytes                        = 1048576                                   {product} {ergonomic}
    uintx NonNMethodCodeHeapSize                   = 5836300                                {pd product} {ergonomic}
    uintx NonProfiledCodeHeapSize                  = 122910970                              {pd product} {ergonomic}
    uintx ProfiledCodeHeapSize                     = 122910970                              {pd product} {ergonomic}
    uintx ReservedCodeCacheSize                    = 251658240                              {pd product} {ergonomic}
     bool SegmentedCodeCache                       = true                                      {product} {ergonomic}
     bool UseCompressedClassPointers               = true                                 {lp64_product} {ergonomic}
     bool UseCompressedOops                        = true                                 {lp64_product} {ergonomic}
     bool UseG1GC                                  = true                                      {product} {ergonomic}
     bool UseLargePagesIndividualAllocation        = false                                  {pd product} {ergonomic}

Logging:
Log output configuration:
 #0: stdout all=warning uptime,level,tags
 #1: stderr all=off uptime,level,tags

Environment Variables:
PATH=C:\ProgramData\Oracle\Java\javapath;C:\Windows\system32;C:\Windows;C:\Windows\System32\Wbem;C:\Windows\System32\WindowsPowerShell\v1.0\;C:\Windows\System32\OpenSSH\;C:\Program Files (x86)\NVIDIA Corporation\PhysX\Common;C:\Program Files\NVIDIA Corporation\NVIDIA NvDLISR;C:\Program Files\nodejs\;C:\Program Files\Git\cmd;C:\Program Files (x86)\Yarn\bin\;C:\Users\PC\AppData\Local\Microsoft\WindowsApps;C:\Users\PC\AppData\Roaming\npm;C:\Users\PC\AppData\Local\Yarn\bin
USERNAME=PC
OS=Windows_NT
PROCESSOR_IDENTIFIER=Intel64 Family 6 Model 142 Stepping 10, GenuineIntel



---------------  S Y S T E M  ---------------

OS: Windows 10 , 64 bit Build 18362 (10.0.18362.329)

CPU:total 8 (initial active 8) (4 cores per cpu, 2 threads per core) family 6 model 142 stepping 10, cmov, cx8, fxsr, mmx, sse, sse2, sse3, ssse3, sse4.1, sse4.2, popcnt, avx, avx2, aes, clmul, erms, 3dnowpref, lzcnt, ht, tsc, tscinvbit, bmi1, bmi2, adx, fma

Memory: 4k page, system-wide physical 8107M (761M free)
TotalPageFile size 32683M (AvailPageFile size 14M)
current process WorkingSet (physical memory assigned to process): 81M, peak: 83M
current process commit charge ("private bytes"): 117M, peak: 129M

vm_info: Java HotSpot(TM) 64-Bit Server VM (11.0.6+8-LTS) for windows-amd64 JRE (11.0.6+8-LTS), built on Dec 11 2019 09:17:57 by "mach5one" with MS VC++ 15.5 (VS2017)

END.
